j:\ggp_lab01\source\game\x64\debug\vc142.pdb
j:\ggp_lab01\source\game\x64\debug\vc142.idb
j:\ggp_lab01\source\game\x64\debug\main.obj
j:\ggp_lab01\source\game\x64\debug\rotatingpointlight.obj
j:\ggp_lab01\source\game\x64\debug\rotatingcube.obj
j:\ggp_lab01\source\game\x64\debug\cube.obj
j:\ggp_lab01\source\game\x64\debug\basecube.obj
j:\ggp_lab01\build\x64\debug\ps.cso
j:\ggp_lab01\build\x64\debug\pssolid.cso
j:\ggp_lab01\build\x64\debug\shader.cso
j:\ggp_lab01\build\x64\debug\vs.cso
j:\ggp_lab01\build\x64\debug\game.pdb
j:\ggp_lab01\source\game\x64\debug\game.tlog\cl.command.1.tlog
j:\ggp_lab01\source\game\x64\debug\game.tlog\cl.read.1.tlog
j:\ggp_lab01\source\game\x64\debug\game.tlog\cl.write.1.tlog
j:\ggp_lab01\source\game\x64\debug\game.tlog\fxc.command.1.tlog
j:\ggp_lab01\source\game\x64\debug\game.tlog\fxc.read.1.tlog
j:\ggp_lab01\source\game\x64\debug\game.tlog\fxc.write.1.tlog
j:\ggp_lab01\source\game\x64\debug\game.tlog\link-cvtres.read.1.tlog
j:\ggp_lab01\source\game\x64\debug\game.tlog\link-cvtres.write.1.tlog
j:\ggp_lab01\source\game\x64\debug\game.tlog\link-rc.read.1.tlog
j:\ggp_lab01\source\game\x64\debug\game.tlog\link-rc.write.1.tlog
j:\ggp_lab01\source\game\x64\debug\game.tlog\link.20564-cvtres.read.1.tlog
j:\ggp_lab01\source\game\x64\debug\game.tlog\link.20564-cvtres.write.1.tlog
j:\ggp_lab01\source\game\x64\debug\game.tlog\link.20564-rc.read.1.tlog
j:\ggp_lab01\source\game\x64\debug\game.tlog\link.20564-rc.write.1.tlog
j:\ggp_lab01\source\game\x64\debug\game.tlog\link.20564.read.1.tlog
j:\ggp_lab01\source\game\x64\debug\game.tlog\link.20564.write.1.tlog
j:\ggp_lab01\source\game\x64\debug\game.tlog\link.command.1.tlog
j:\ggp_lab01\source\game\x64\debug\game.tlog\link.read.1.tlog
j:\ggp_lab01\source\game\x64\debug\game.tlog\link.write.1.tlog
