j:\ggp_lab01\build\x64\debug\libraryd.pdb
j:\ggp_lab01\build\x64\debug\libraryd.idb
j:\ggp_lab01\source\library\x64\debug\mainwindow.obj
j:\ggp_lab01\source\library\x64\debug\ddstextureloader11.obj
j:\ggp_lab01\source\library\x64\debug\vertexshader.obj
j:\ggp_lab01\source\library\x64\debug\shader.obj
j:\ggp_lab01\source\library\x64\debug\pixelshader.obj
j:\ggp_lab01\source\library\x64\debug\renderer.obj
j:\ggp_lab01\source\library\x64\debug\renderable.obj
j:\ggp_lab01\source\library\x64\debug\pointlight.obj
j:\ggp_lab01\source\library\x64\debug\game.obj
j:\ggp_lab01\source\library\x64\debug\camera.obj
j:\ggp_lab01\source\library\x64\debug\wictextureloader.obj
j:\ggp_lab01\source\library\x64\debug\material.obj
j:\ggp_lab01\source\library\x64\debug\texture.obj
j:\ggp_lab01\source\library\x64\debug\model.obj
j:\ggp_lab01\build\x64\debug\libraryd.lib
j:\ggp_lab01\source\library\x64\debug\game.obj.enc
j:\ggp_lab01\source\library\x64\debug\library.tlog\cl.command.1.tlog
j:\ggp_lab01\source\library\x64\debug\library.tlog\cl.read.1.tlog
j:\ggp_lab01\source\library\x64\debug\library.tlog\cl.write.1.tlog
j:\ggp_lab01\source\library\x64\debug\library.tlog\fxc.command.1.tlog
j:\ggp_lab01\source\library\x64\debug\library.tlog\lib-link.read.1.tlog
j:\ggp_lab01\source\library\x64\debug\library.tlog\lib-link.write.1.tlog
j:\ggp_lab01\source\library\x64\debug\library.tlog\lib.command.1.tlog
